<?xml version="1.0" encoding="UTF-8"?>
<!-- Generated by org.testng.reporters.JUnitXMLReporter -->
<testsuite hostname="huyajundeMacBook-Pro.local" name="Default test" tests="6" failures="0" timestamp="26 Jan 2018 03:25:18 GMT" time="1.725" errors="0">
  <testcase name="test_Wdelay" time="0.11" classname="com.yunpian.api.Wdelay"/>
  <testcase name="test_Wdelay" time="0.026" classname="com.yunpian.api.Wdelay"/>
  <testcase name="test_Wdelay" time="0.025" classname="com.yunpian.api.Wdelay"/>
  <testcase name="test_Wdelay" time="0.025" classname="com.yunpian.api.Wdelay"/>
  <testcase name="test_Wdelay" time="0.31" classname="com.yunpian.api.Wdelay"/>
  <testcase name="test_Wdelay" time="0.026" classname="com.yunpian.api.Wdelay"/>
</testsuite> <!-- Default test -->
