<?xml version="1.0" encoding="UTF-8"?>
<!-- Generated by org.testng.reporters.JUnitXMLReporter -->
<testsuite hostname="huyajundeMacBook-Pro.local" name="Default test" tests="4" failures="0" timestamp="24 Jan 2018 06:52:42 GMT" time="6.431" errors="0">
  <testcase name="test_smsN_record" time="0.138" classname="com.yunpian.api.smsN_record"/>
  <testcase name="test_smsN_record" time="0.03" classname="com.yunpian.api.smsN_record"/>
  <testcase name="test_smsN_record" time="0.052" classname="com.yunpian.api.smsN_record"/>
  <testcase name="test_smsN_record" time="0.03" classname="com.yunpian.api.smsN_record"/>
</testsuite> <!-- Default test -->
