<?xml version="1.0" encoding="UTF-8"?>
<!-- Generated by org.testng.reporters.JUnitXMLReporter -->
<testsuite hostname="huyajundeMacBook-Pro.local" name="api" tests="24" failures="0" timestamp="22 Jan 2018 09:42:52 GMT" time="2.577" errors="0">
  <testcase name="test_pushTest" time="0.11" classname="com.yunpian.api.pushTest"/>
  <testcase name="test_createShortUrl" time="0.025" classname="com.yunpian.api.createShortUrl"/>
  <testcase name="test_getShortUrl" time="0.029" classname="com.yunpian.api.getShortUrl"/>
  <testcase name="test_blacklist" time="0.106" classname="com.yunpian.api.blacklist"/>
  <testcase name="test_inspectNTest" time="0.037" classname="com.yunpian.api.inspectNTest"/>
  <testcase name="test_inspectNTest" time="0.022" classname="com.yunpian.api.inspectNTest"/>
  <testcase name="test_inspectNTest" time="0.025" classname="com.yunpian.api.inspectNTest"/>
  <testcase name="test_inspectNTest" time="0.021" classname="com.yunpian.api.inspectNTest"/>
  <testcase name="test_loginTest" time="0.409" classname="com.yunpian.api.loginTest"/>
  <testcase name="test_loginTest" time="0.017" classname="com.yunpian.api.loginTest"/>
  <testcase name="test_loginTest" time="0.016" classname="com.yunpian.api.loginTest"/>
  <testcase name="test_loginTest" time="0.014" classname="com.yunpian.api.loginTest"/>
  <testcase name="test_loginTest" time="0.014" classname="com.yunpian.api.loginTest"/>
  <testcase name="test_sendNsms" time="0.032" classname="com.yunpian.api.sendNsms"/>
  <testcase name="test_sendNsms" time="0.031" classname="com.yunpian.api.sendNsms"/>
  <testcase name="test_sendNsms" time="0.027" classname="com.yunpian.api.sendNsms"/>
  <testcase name="test_sendNsms" time="0.028" classname="com.yunpian.api.sendNsms"/>
  <testcase name="test_sendNsms" time="0.022" classname="com.yunpian.api.sendNsms"/>
  <testcase name="test_sendNsms" time="0.03" classname="com.yunpian.api.sendNsms"/>
  <testcase name="test_whiteGNTest" time="0.021" classname="com.yunpian.api.whiteGNTest"/>
  <testcase name="test_whiteNTest" time="0.023" classname="com.yunpian.api.whiteNTest"/>
  <testcase name="test_whiteNTest" time="0.022" classname="com.yunpian.api.whiteNTest"/>
  <testcase name="test_whiteNTest" time="0.022" classname="com.yunpian.api.whiteNTest"/>
  <testcase name="test_whiteNTest" time="0.023" classname="com.yunpian.api.whiteNTest"/>
</testsuite> <!-- api -->
