<?xml version="1.0" encoding="UTF-8"?>
<!-- Generated by org.testng.reporters.JUnitXMLReporter -->
<testsuite hostname="huyajundeMacBook-Pro.local" name="api" tests="4" failures="0" timestamp="20 Dec 2017 06:49:42 GMT" time="6.808" errors="0">
  <testcase name="test_pushTest" time="0.109" classname="com.yunpian.api.pushTest"/>
  <testcase name="test_createShortUrl" time="0.026" classname="com.yunpian.api.createShortUrl"/>
  <testcase name="test_getShortUrl" time="0.067" classname="com.yunpian.api.getShortUrl"/>
  <testcase name="test_blacklist" time="0.383" classname="com.yunpian.api.blacklist"/>
</testsuite> <!-- api -->
