<?xml version="1.0" encoding="UTF-8"?>
<testng-results skipped="0" failed="0" total="1" passed="1">
  <reporter-output>
  </reporter-output>
  <suite name="Default suite" duration-ms="1359" started-at="2017-12-20T07:14:17Z" finished-at="2017-12-20T07:14:18Z">
    <groups>
    </groups>
    <test name="Default test" duration-ms="1359" started-at="2017-12-20T07:14:17Z" finished-at="2017-12-20T07:14:18Z">
      <class name="com.yunpian.api.getShortUrl">
        <test-method status="PASS" signature="getsession()[pri:0, instance:com.yunpian.api.getShortUrl@3e6fa38a]" name="getsession" is-config="true" duration-ms="807" started-at="2017-12-20T15:14:17Z" finished-at="2017-12-20T15:14:17Z">
          <reporter-output>
          </reporter-output>
        </test-method> <!-- getsession -->
        <test-method status="PASS" signature="test_getShortUrl(com.yunpian.excle.CaseInfo)[pri:0, instance:com.yunpian.api.getShortUrl@3e6fa38a]" name="test_getShortUrl" duration-ms="100" started-at="2017-12-20T15:14:18Z" data-provider="dataInfo" finished-at="2017-12-20T15:14:18Z">
          <params>
            <param index="0">
              <value>
                <![CDATA[com.yunpian.excle.CaseInfo@1c7696c6]]>
              </value>
            </param>
          </params>
          <reporter-output>
          </reporter-output>
        </test-method> <!-- test_getShortUrl -->
      </class> <!-- com.yunpian.api.getShortUrl -->
    </test> <!-- Default test -->
  </suite> <!-- Default suite -->
</testng-results>
