<?xml version="1.0" encoding="UTF-8"?>
<testng-results skipped="0" failed="0" total="4" passed="4">
  <reporter-output>
  </reporter-output>
  <suite name="Default suite" duration-ms="6431" started-at="2018-01-24T06:52:30Z" finished-at="2018-01-24T06:52:37Z">
    <groups>
    </groups>
    <test name="Default test" duration-ms="6431" started-at="2018-01-24T06:52:30Z" finished-at="2018-01-24T06:52:37Z">
      <class name="com.yunpian.api.smsN_record">
        <test-method status="PASS" signature="getsession()[pri:0, instance:com.yunpian.api.smsN_record@3e6fa38a]" name="getsession" is-config="true" duration-ms="5717" started-at="2018-01-24T14:52:30Z" finished-at="2018-01-24T14:52:36Z">
          <reporter-output>
          </reporter-output>
        </test-method> <!-- getsession -->
        <test-method status="PASS" signature="test_smsN_record(com.yunpian.excle.CaseInfo)[pri:0, instance:com.yunpian.api.smsN_record@3e6fa38a]" name="test_smsN_record" duration-ms="138" started-at="2018-01-24T14:52:36Z" data-provider="dataInfo" finished-at="2018-01-24T14:52:37Z">
          <params>
            <param index="0">
              <value>
                <![CDATA[com.yunpian.excle.CaseInfo@20140db9]]>
              </value>
            </param>
          </params>
          <reporter-output>
          </reporter-output>
        </test-method> <!-- test_smsN_record -->
        <test-method status="PASS" signature="test_smsN_record(com.yunpian.excle.CaseInfo)[pri:0, instance:com.yunpian.api.smsN_record@3e6fa38a]" name="test_smsN_record" duration-ms="30" started-at="2018-01-24T14:52:37Z" data-provider="dataInfo" finished-at="2018-01-24T14:52:37Z">
          <params>
            <param index="0">
              <value>
                <![CDATA[com.yunpian.excle.CaseInfo@710636b0]]>
              </value>
            </param>
          </params>
          <reporter-output>
          </reporter-output>
        </test-method> <!-- test_smsN_record -->
        <test-method status="PASS" signature="test_smsN_record(com.yunpian.excle.CaseInfo)[pri:0, instance:com.yunpian.api.smsN_record@3e6fa38a]" name="test_smsN_record" duration-ms="52" started-at="2018-01-24T14:52:37Z" data-provider="dataInfo" finished-at="2018-01-24T14:52:37Z">
          <params>
            <param index="0">
              <value>
                <![CDATA[com.yunpian.excle.CaseInfo@2ab4bc72]]>
              </value>
            </param>
          </params>
          <reporter-output>
          </reporter-output>
        </test-method> <!-- test_smsN_record -->
        <test-method status="PASS" signature="test_smsN_record(com.yunpian.excle.CaseInfo)[pri:0, instance:com.yunpian.api.smsN_record@3e6fa38a]" name="test_smsN_record" duration-ms="30" started-at="2018-01-24T14:52:37Z" data-provider="dataInfo" finished-at="2018-01-24T14:52:37Z">
          <params>
            <param index="0">
              <value>
                <![CDATA[com.yunpian.excle.CaseInfo@eadd4fb]]>
              </value>
            </param>
          </params>
          <reporter-output>
          </reporter-output>
        </test-method> <!-- test_smsN_record -->
      </class> <!-- com.yunpian.api.smsN_record -->
    </test> <!-- Default test -->
  </suite> <!-- Default suite -->
</testng-results>
